{"/Users/sohamchetan/Documents/QRBackend/config/blueprints.js":{"path":"/Users/sohamchetan/Documents/QRBackend/config/blueprints.js","s":{"1":1},"b":{},"f":{},"fnMap":{},"statementMap":{"1":{"start":{"line":26,"column":0},"end":{"line":162,"column":2}}},"branchMap":{}},"/Users/sohamchetan/Documents/QRBackend/config/bootstrap.js":{"path":"/Users/sohamchetan/Documents/QRBackend/config/bootstrap.js","s":{"1":1,"2":1},"b":{},"f":{"1":1},"fnMap":{"1":{"name":"(anonymous_1)","line":12,"loc":{"start":{"line":12,"column":27},"end":{"line":12,"column":40}}}},"statementMap":{"1":{"start":{"line":12,"column":0},"end":{"line":17,"column":2}},"2":{"start":{"line":16,"column":2},"end":{"line":16,"column":7}}},"branchMap":{}},"/Users/sohamchetan/Documents/QRBackend/config/connections.js":{"path":"/Users/sohamchetan/Documents/QRBackend/config/connections.js","s":{"1":1},"b":{},"f":{},"fnMap":{},"statementMap":{"1":{"start":{"line":22,"column":0},"end":{"line":92,"column":2}}},"branchMap":{}},"/Users/sohamchetan/Documents/QRBackend/config/cors.js":{"path":"/Users/sohamchetan/Documents/QRBackend/config/cors.js","s":{"1":1},"b":{},"f":{},"fnMap":{},"statementMap":{"1":{"start":{"line":29,"column":0},"end":{"line":78,"column":2}}},"branchMap":{}},"/Users/sohamchetan/Documents/QRBackend/config/csrf.js":{"path":"/Users/sohamchetan/Documents/QRBackend/config/csrf.js","s":{},"b":{},"f":{},"fnMap":{},"statementMap":{},"branchMap":{}},"/Users/sohamchetan/Documents/QRBackend/config/globals.js":{"path":"/Users/sohamchetan/Documents/QRBackend/config/globals.js","s":{"1":1},"b":{},"f":{},"fnMap":{},"statementMap":{"1":{"start":{"line":11,"column":0},"end":{"line":63,"column":2}}},"branchMap":{}},"/Users/sohamchetan/Documents/QRBackend/config/http.js":{"path":"/Users/sohamchetan/Documents/QRBackend/config/http.js","s":{"1":1},"b":{},"f":{},"fnMap":{},"statementMap":{"1":{"start":{"line":12,"column":0},"end":{"line":87,"column":2}}},"branchMap":{}},"/Users/sohamchetan/Documents/QRBackend/config/i18n.js":{"path":"/Users/sohamchetan/Documents/QRBackend/config/i18n.js","s":{"1":1},"b":{},"f":{},"fnMap":{},"statementMap":{"1":{"start":{"line":18,"column":0},"end":{"line":57,"column":2}}},"branchMap":{}},"/Users/sohamchetan/Documents/QRBackend/config/local.js":{"path":"/Users/sohamchetan/Documents/QRBackend/config/local.js","s":{"1":2},"b":{},"f":{},"fnMap":{},"statementMap":{"1":{"start":{"line":30,"column":0},"end":{"line":85,"column":2}}},"branchMap":{}},"/Users/sohamchetan/Documents/QRBackend/config/log.js":{"path":"/Users/sohamchetan/Documents/QRBackend/config/log.js","s":{"1":1},"b":{},"f":{},"fnMap":{},"statementMap":{"1":{"start":{"line":13,"column":0},"end":{"line":29,"column":2}}},"branchMap":{}},"/Users/sohamchetan/Documents/QRBackend/config/models.js":{"path":"/Users/sohamchetan/Documents/QRBackend/config/models.js","s":{"1":1},"b":{},"f":{},"fnMap":{},"statementMap":{"1":{"start":{"line":12,"column":0},"end":{"line":33,"column":2}}},"branchMap":{}},"/Users/sohamchetan/Documents/QRBackend/config/policies.js":{"path":"/Users/sohamchetan/Documents/QRBackend/config/policies.js","s":{"1":1},"b":{},"f":{},"fnMap":{},"statementMap":{"1":{"start":{"line":20,"column":0},"end":{"line":51,"column":2}}},"branchMap":{}},"/Users/sohamchetan/Documents/QRBackend/config/routes.js":{"path":"/Users/sohamchetan/Documents/QRBackend/config/routes.js","s":{"1":1},"b":{},"f":{},"fnMap":{},"statementMap":{"1":{"start":{"line":23,"column":0},"end":{"line":59,"column":2}}},"branchMap":{}},"/Users/sohamchetan/Documents/QRBackend/config/session.js":{"path":"/Users/sohamchetan/Documents/QRBackend/config/session.js","s":{"1":1},"b":{},"f":{},"fnMap":{},"statementMap":{"1":{"start":{"line":15,"column":0},"end":{"line":91,"column":2}}},"branchMap":{}},"/Users/sohamchetan/Documents/QRBackend/config/sockets.js":{"path":"/Users/sohamchetan/Documents/QRBackend/config/sockets.js","s":{"1":1},"b":{},"f":{},"fnMap":{},"statementMap":{"1":{"start":{"line":13,"column":0},"end":{"line":141,"column":2}}},"branchMap":{}},"/Users/sohamchetan/Documents/QRBackend/config/views.js":{"path":"/Users/sohamchetan/Documents/QRBackend/config/views.js","s":{"1":1},"b":{},"f":{},"fnMap":{},"statementMap":{"1":{"start":{"line":14,"column":0},"end":{"line":95,"column":2}}},"branchMap":{}},"/Users/sohamchetan/Documents/QRBackend/config/env/development.js":{"path":"/Users/sohamchetan/Documents/QRBackend/config/env/development.js","s":{"1":1},"b":{},"f":{},"fnMap":{},"statementMap":{"1":{"start":{"line":13,"column":0},"end":{"line":24,"column":2}}},"branchMap":{}},"/Users/sohamchetan/Documents/QRBackend/api/responses/badRequest.js":{"path":"/Users/sohamchetan/Documents/QRBackend/api/responses/badRequest.js","s":{"1":1,"2":0,"3":0,"4":0,"5":0,"6":0,"7":0,"8":0,"9":0,"10":0,"11":0,"12":0,"13":0,"14":0,"15":0,"16":0,"17":0},"b":{"1":[0,0],"2":[0,0],"3":[0,0],"4":[0,0],"5":[0,0],"6":[0,0]},"f":{"1":0,"2":0},"fnMap":{"1":{"name":"badRequest","line":18,"loc":{"start":{"line":18,"column":17},"end":{"line":18,"column":52}}},"2":{"name":"couldNotGuessView","line":59,"loc":{"start":{"line":59,"column":44},"end":{"line":59,"column":74}}}},"statementMap":{"1":{"start":{"line":18,"column":0},"end":{"line":63,"column":2}},"2":{"start":{"line":21,"column":2},"end":{"line":21,"column":21}},"3":{"start":{"line":22,"column":2},"end":{"line":22,"column":21}},"4":{"start":{"line":23,"column":2},"end":{"line":23,"column":25}},"5":{"start":{"line":26,"column":2},"end":{"line":26,"column":18}},"6":{"start":{"line":29,"column":2},"end":{"line":32,"column":65}},"7":{"start":{"line":30,"column":4},"end":{"line":30,"column":71}},"8":{"start":{"line":32,"column":7},"end":{"line":32,"column":65}},"9":{"start":{"line":37,"column":2},"end":{"line":39,"column":3}},"10":{"start":{"line":38,"column":4},"end":{"line":38,"column":21}},"11":{"start":{"line":42,"column":2},"end":{"line":44,"column":3}},"12":{"start":{"line":43,"column":4},"end":{"line":43,"column":27}},"13":{"start":{"line":48,"column":2},"end":{"line":48,"column":78}},"14":{"start":{"line":53,"column":2},"end":{"line":61,"column":5}},"15":{"start":{"line":54,"column":4},"end":{"line":54,"column":50}},"16":{"start":{"line":59,"column":7},"end":{"line":61,"column":5}},"17":{"start":{"line":60,"column":4},"end":{"line":60,"column":27}}},"branchMap":{"1":{"line":29,"type":"if","locations":[{"start":{"line":29,"column":2},"end":{"line":29,"column":2}},{"start":{"line":29,"column":2},"end":{"line":29,"column":2}}]},"2":{"line":37,"type":"if","locations":[{"start":{"line":37,"column":2},"end":{"line":37,"column":2}},{"start":{"line":37,"column":2},"end":{"line":37,"column":2}}]},"3":{"line":42,"type":"if","locations":[{"start":{"line":42,"column":2},"end":{"line":42,"column":2}},{"start":{"line":42,"column":2},"end":{"line":42,"column":2}}]},"4":{"line":48,"type":"cond-expr","locations":[{"start":{"line":48,"column":44},"end":{"line":48,"column":61}},{"start":{"line":48,"column":64},"end":{"line":48,"column":77}}]},"5":{"line":48,"type":"binary-expr","locations":[{"start":{"line":48,"column":64},"end":{"line":48,"column":71}},{"start":{"line":48,"column":75},"end":{"line":48,"column":77}}]},"6":{"line":53,"type":"if","locations":[{"start":{"line":53,"column":2},"end":{"line":53,"column":2}},{"start":{"line":53,"column":2},"end":{"line":53,"column":2}}]}}},"/Users/sohamchetan/Documents/QRBackend/api/responses/forbidden.js":{"path":"/Users/sohamchetan/Documents/QRBackend/api/responses/forbidden.js","s":{"1":1,"2":0,"3":0,"4":0,"5":0,"6":0,"7":0,"8":0,"9":0,"10":0,"11":0,"12":0,"13":0,"14":0,"15":0,"16":0,"17":0,"18":0,"19":0,"20":0,"21":0,"22":0},"b":{"1":[0,0],"2":[0,0],"3":[0,0],"4":[0,0],"5":[0,0],"6":[0,0],"7":[0,0],"8":[0,0]},"f":{"1":0,"2":0},"fnMap":{"1":{"name":"forbidden","line":15,"loc":{"start":{"line":15,"column":17},"end":{"line":15,"column":52}}},"2":{"name":"(anonymous_2)","line":56,"loc":{"start":{"line":56,"column":46},"end":{"line":56,"column":67}}}},"statementMap":{"1":{"start":{"line":15,"column":0},"end":{"line":76,"column":2}},"2":{"start":{"line":18,"column":2},"end":{"line":18,"column":21}},"3":{"start":{"line":19,"column":2},"end":{"line":19,"column":21}},"4":{"start":{"line":20,"column":2},"end":{"line":20,"column":25}},"5":{"start":{"line":23,"column":2},"end":{"line":23,"column":18}},"6":{"start":{"line":26,"column":2},"end":{"line":29,"column":63}},"7":{"start":{"line":27,"column":4},"end":{"line":27,"column":69}},"8":{"start":{"line":29,"column":7},"end":{"line":29,"column":63}},"9":{"start":{"line":34,"column":2},"end":{"line":36,"column":3}},"10":{"start":{"line":35,"column":4},"end":{"line":35,"column":21}},"11":{"start":{"line":39,"column":2},"end":{"line":41,"column":3}},"12":{"start":{"line":40,"column":4},"end":{"line":40,"column":27}},"13":{"start":{"line":45,"column":2},"end":{"line":45,"column":78}},"14":{"start":{"line":50,"column":2},"end":{"line":74,"column":5}},"15":{"start":{"line":51,"column":4},"end":{"line":51,"column":50}},"16":{"start":{"line":56,"column":7},"end":{"line":74,"column":5}},"17":{"start":{"line":59,"column":4},"end":{"line":71,"column":5}},"18":{"start":{"line":63,"column":6},"end":{"line":69,"column":7}},"19":{"start":{"line":64,"column":8},"end":{"line":64,"column":124}},"20":{"start":{"line":68,"column":8},"end":{"line":68,"column":145}},"21":{"start":{"line":70,"column":6},"end":{"line":70,"column":29}},"22":{"start":{"line":73,"column":4},"end":{"line":73,"column":26}}},"branchMap":{"1":{"line":26,"type":"if","locations":[{"start":{"line":26,"column":2},"end":{"line":26,"column":2}},{"start":{"line":26,"column":2},"end":{"line":26,"column":2}}]},"2":{"line":34,"type":"if","locations":[{"start":{"line":34,"column":2},"end":{"line":34,"column":2}},{"start":{"line":34,"column":2},"end":{"line":34,"column":2}}]},"3":{"line":39,"type":"if","locations":[{"start":{"line":39,"column":2},"end":{"line":39,"column":2}},{"start":{"line":39,"column":2},"end":{"line":39,"column":2}}]},"4":{"line":45,"type":"cond-expr","locations":[{"start":{"line":45,"column":44},"end":{"line":45,"column":61}},{"start":{"line":45,"column":64},"end":{"line":45,"column":77}}]},"5":{"line":45,"type":"binary-expr","locations":[{"start":{"line":45,"column":64},"end":{"line":45,"column":71}},{"start":{"line":45,"column":75},"end":{"line":45,"column":77}}]},"6":{"line":50,"type":"if","locations":[{"start":{"line":50,"column":2},"end":{"line":50,"column":2}},{"start":{"line":50,"column":2},"end":{"line":50,"column":2}}]},"7":{"line":59,"type":"if","locations":[{"start":{"line":59,"column":4},"end":{"line":59,"column":4}},{"start":{"line":59,"column":4},"end":{"line":59,"column":4}}]},"8":{"line":63,"type":"if","locations":[{"start":{"line":63,"column":6},"end":{"line":63,"column":6}},{"start":{"line":63,"column":6},"end":{"line":63,"column":6}}]}}},"/Users/sohamchetan/Documents/QRBackend/api/responses/notFound.js":{"path":"/Users/sohamchetan/Documents/QRBackend/api/responses/notFound.js","s":{"1":1,"2":0,"3":0,"4":0,"5":0,"6":0,"7":0,"8":0,"9":0,"10":0,"11":0,"12":0,"13":0,"14":0,"15":0,"16":0,"17":0,"18":0,"19":0,"20":0,"21":0,"22":0},"b":{"1":[0,0],"2":[0,0],"3":[0,0],"4":[0,0],"5":[0,0],"6":[0,0],"7":[0,0],"8":[0,0]},"f":{"1":0,"2":0},"fnMap":{"1":{"name":"notFound","line":20,"loc":{"start":{"line":20,"column":17},"end":{"line":20,"column":51}}},"2":{"name":"(anonymous_2)","line":61,"loc":{"start":{"line":61,"column":46},"end":{"line":61,"column":67}}}},"statementMap":{"1":{"start":{"line":20,"column":0},"end":{"line":81,"column":2}},"2":{"start":{"line":23,"column":2},"end":{"line":23,"column":21}},"3":{"start":{"line":24,"column":2},"end":{"line":24,"column":21}},"4":{"start":{"line":25,"column":2},"end":{"line":25,"column":25}},"5":{"start":{"line":28,"column":2},"end":{"line":28,"column":18}},"6":{"start":{"line":31,"column":2},"end":{"line":34,"column":63}},"7":{"start":{"line":32,"column":4},"end":{"line":32,"column":69}},"8":{"start":{"line":34,"column":7},"end":{"line":34,"column":63}},"9":{"start":{"line":39,"column":2},"end":{"line":41,"column":3}},"10":{"start":{"line":40,"column":4},"end":{"line":40,"column":21}},"11":{"start":{"line":44,"column":2},"end":{"line":46,"column":3}},"12":{"start":{"line":45,"column":4},"end":{"line":45,"column":27}},"13":{"start":{"line":50,"column":2},"end":{"line":50,"column":78}},"14":{"start":{"line":55,"column":2},"end":{"line":79,"column":5}},"15":{"start":{"line":56,"column":4},"end":{"line":56,"column":50}},"16":{"start":{"line":61,"column":7},"end":{"line":79,"column":5}},"17":{"start":{"line":64,"column":4},"end":{"line":76,"column":5}},"18":{"start":{"line":68,"column":6},"end":{"line":74,"column":7}},"19":{"start":{"line":69,"column":8},"end":{"line":69,"column":123}},"20":{"start":{"line":73,"column":8},"end":{"line":73,"column":144}},"21":{"start":{"line":75,"column":6},"end":{"line":75,"column":29}},"22":{"start":{"line":78,"column":4},"end":{"line":78,"column":26}}},"branchMap":{"1":{"line":31,"type":"if","locations":[{"start":{"line":31,"column":2},"end":{"line":31,"column":2}},{"start":{"line":31,"column":2},"end":{"line":31,"column":2}}]},"2":{"line":39,"type":"if","locations":[{"start":{"line":39,"column":2},"end":{"line":39,"column":2}},{"start":{"line":39,"column":2},"end":{"line":39,"column":2}}]},"3":{"line":44,"type":"if","locations":[{"start":{"line":44,"column":2},"end":{"line":44,"column":2}},{"start":{"line":44,"column":2},"end":{"line":44,"column":2}}]},"4":{"line":50,"type":"cond-expr","locations":[{"start":{"line":50,"column":44},"end":{"line":50,"column":61}},{"start":{"line":50,"column":64},"end":{"line":50,"column":77}}]},"5":{"line":50,"type":"binary-expr","locations":[{"start":{"line":50,"column":64},"end":{"line":50,"column":71}},{"start":{"line":50,"column":75},"end":{"line":50,"column":77}}]},"6":{"line":55,"type":"if","locations":[{"start":{"line":55,"column":2},"end":{"line":55,"column":2}},{"start":{"line":55,"column":2},"end":{"line":55,"column":2}}]},"7":{"line":64,"type":"if","locations":[{"start":{"line":64,"column":4},"end":{"line":64,"column":4}},{"start":{"line":64,"column":4},"end":{"line":64,"column":4}}]},"8":{"line":68,"type":"if","locations":[{"start":{"line":68,"column":6},"end":{"line":68,"column":6}},{"start":{"line":68,"column":6},"end":{"line":68,"column":6}}]}}},"/Users/sohamchetan/Documents/QRBackend/api/responses/ok.js":{"path":"/Users/sohamchetan/Documents/QRBackend/api/responses/ok.js","s":{"1":1,"2":0,"3":0,"4":0,"5":0,"6":0,"7":0,"8":0,"9":0,"10":0,"11":0,"12":0,"13":0},"b":{"1":[0,0],"2":[0,0],"3":[0,0],"4":[0,0]},"f":{"1":0,"2":0},"fnMap":{"1":{"name":"sendOK","line":14,"loc":{"start":{"line":14,"column":17},"end":{"line":14,"column":49}}},"2":{"name":"couldNotGuessView","line":44,"loc":{"start":{"line":44,"column":44},"end":{"line":44,"column":74}}}},"statementMap":{"1":{"start":{"line":14,"column":0},"end":{"line":48,"column":2}},"2":{"start":{"line":17,"column":2},"end":{"line":17,"column":21}},"3":{"start":{"line":18,"column":2},"end":{"line":18,"column":21}},"4":{"start":{"line":19,"column":2},"end":{"line":19,"column":25}},"5":{"start":{"line":21,"column":2},"end":{"line":21,"column":61}},"6":{"start":{"line":24,"column":2},"end":{"line":24,"column":18}},"7":{"start":{"line":27,"column":2},"end":{"line":29,"column":3}},"8":{"start":{"line":28,"column":4},"end":{"line":28,"column":27}},"9":{"start":{"line":33,"column":2},"end":{"line":33,"column":78}},"10":{"start":{"line":38,"column":2},"end":{"line":46,"column":5}},"11":{"start":{"line":39,"column":4},"end":{"line":39,"column":50}},"12":{"start":{"line":44,"column":7},"end":{"line":46,"column":5}},"13":{"start":{"line":45,"column":4},"end":{"line":45,"column":27}}},"branchMap":{"1":{"line":27,"type":"if","locations":[{"start":{"line":27,"column":2},"end":{"line":27,"column":2}},{"start":{"line":27,"column":2},"end":{"line":27,"column":2}}]},"2":{"line":33,"type":"cond-expr","locations":[{"start":{"line":33,"column":44},"end":{"line":33,"column":61}},{"start":{"line":33,"column":64},"end":{"line":33,"column":77}}]},"3":{"line":33,"type":"binary-expr","locations":[{"start":{"line":33,"column":64},"end":{"line":33,"column":71}},{"start":{"line":33,"column":75},"end":{"line":33,"column":77}}]},"4":{"line":38,"type":"if","locations":[{"start":{"line":38,"column":2},"end":{"line":38,"column":2}},{"start":{"line":38,"column":2},"end":{"line":38,"column":2}}]}}},"/Users/sohamchetan/Documents/QRBackend/api/responses/serverError.js":{"path":"/Users/sohamchetan/Documents/QRBackend/api/responses/serverError.js","s":{"1":1,"2":0,"3":0,"4":0,"5":0,"6":0,"7":0,"8":0,"9":0,"10":0,"11":0,"12":0,"13":0,"14":0,"15":0,"16":0,"17":0,"18":0,"19":0,"20":0,"21":0,"22":0},"b":{"1":[0,0],"2":[0,0],"3":[0,0],"4":[0,0],"5":[0,0],"6":[0,0],"7":[0,0],"8":[0,0]},"f":{"1":0,"2":0},"fnMap":{"1":{"name":"serverError","line":15,"loc":{"start":{"line":15,"column":17},"end":{"line":15,"column":54}}},"2":{"name":"(anonymous_2)","line":56,"loc":{"start":{"line":56,"column":46},"end":{"line":56,"column":67}}}},"statementMap":{"1":{"start":{"line":15,"column":0},"end":{"line":76,"column":2}},"2":{"start":{"line":18,"column":2},"end":{"line":18,"column":21}},"3":{"start":{"line":19,"column":2},"end":{"line":19,"column":21}},"4":{"start":{"line":20,"column":2},"end":{"line":20,"column":25}},"5":{"start":{"line":23,"column":2},"end":{"line":23,"column":18}},"6":{"start":{"line":26,"column":2},"end":{"line":29,"column":70}},"7":{"start":{"line":27,"column":4},"end":{"line":27,"column":70}},"8":{"start":{"line":29,"column":7},"end":{"line":29,"column":70}},"9":{"start":{"line":34,"column":2},"end":{"line":36,"column":3}},"10":{"start":{"line":35,"column":4},"end":{"line":35,"column":21}},"11":{"start":{"line":39,"column":2},"end":{"line":41,"column":3}},"12":{"start":{"line":40,"column":4},"end":{"line":40,"column":27}},"13":{"start":{"line":45,"column":2},"end":{"line":45,"column":78}},"14":{"start":{"line":50,"column":2},"end":{"line":74,"column":5}},"15":{"start":{"line":51,"column":4},"end":{"line":51,"column":50}},"16":{"start":{"line":56,"column":7},"end":{"line":74,"column":5}},"17":{"start":{"line":59,"column":4},"end":{"line":71,"column":5}},"18":{"start":{"line":63,"column":6},"end":{"line":69,"column":7}},"19":{"start":{"line":64,"column":8},"end":{"line":64,"column":126}},"20":{"start":{"line":68,"column":8},"end":{"line":68,"column":147}},"21":{"start":{"line":70,"column":6},"end":{"line":70,"column":29}},"22":{"start":{"line":73,"column":4},"end":{"line":73,"column":26}}},"branchMap":{"1":{"line":26,"type":"if","locations":[{"start":{"line":26,"column":2},"end":{"line":26,"column":2}},{"start":{"line":26,"column":2},"end":{"line":26,"column":2}}]},"2":{"line":34,"type":"if","locations":[{"start":{"line":34,"column":2},"end":{"line":34,"column":2}},{"start":{"line":34,"column":2},"end":{"line":34,"column":2}}]},"3":{"line":39,"type":"if","locations":[{"start":{"line":39,"column":2},"end":{"line":39,"column":2}},{"start":{"line":39,"column":2},"end":{"line":39,"column":2}}]},"4":{"line":45,"type":"cond-expr","locations":[{"start":{"line":45,"column":44},"end":{"line":45,"column":61}},{"start":{"line":45,"column":64},"end":{"line":45,"column":77}}]},"5":{"line":45,"type":"binary-expr","locations":[{"start":{"line":45,"column":64},"end":{"line":45,"column":71}},{"start":{"line":45,"column":75},"end":{"line":45,"column":77}}]},"6":{"line":50,"type":"if","locations":[{"start":{"line":50,"column":2},"end":{"line":50,"column":2}},{"start":{"line":50,"column":2},"end":{"line":50,"column":2}}]},"7":{"line":59,"type":"if","locations":[{"start":{"line":59,"column":4},"end":{"line":59,"column":4}},{"start":{"line":59,"column":4},"end":{"line":59,"column":4}}]},"8":{"line":63,"type":"if","locations":[{"start":{"line":63,"column":6},"end":{"line":63,"column":6}},{"start":{"line":63,"column":6},"end":{"line":63,"column":6}}]}}},"/Users/sohamchetan/Documents/QRBackend/api/services/RequestProcessor.js":{"path":"/Users/sohamchetan/Documents/QRBackend/api/services/RequestProcessor.js","s":{"1":1,"2":1,"3":13,"4":13,"5":2,"6":2,"7":2,"8":2,"9":13,"10":3,"11":13,"12":8,"13":2,"14":6,"15":2,"16":4,"17":4,"18":13,"19":3,"20":3,"21":3,"22":3,"23":3,"24":13,"25":1,"26":0,"27":1,"28":13,"29":2,"30":13,"31":2,"32":2,"33":13,"34":1},"b":{"1":[2,6],"2":[2,4],"3":[4,0],"4":[0,1]},"f":{"1":1,"2":13,"3":2,"4":3,"5":8,"6":3,"7":1,"8":2,"9":2},"fnMap":{"1":{"name":"(anonymous_1)","line":1,"loc":{"start":{"line":1,"column":18},"end":{"line":1,"column":30}}},"2":{"name":"(anonymous_2)","line":3,"loc":{"start":{"line":3,"column":25},"end":{"line":3,"column":36}}},"3":{"name":"(anonymous_3)","line":7,"loc":{"start":{"line":7,"column":36},"end":{"line":7,"column":71}}},"4":{"name":"(anonymous_4)","line":14,"loc":{"start":{"line":14,"column":20},"end":{"line":14,"column":47}}},"5":{"name":"(anonymous_5)","line":18,"loc":{"start":{"line":18,"column":30},"end":{"line":18,"column":49}}},"6":{"name":"(anonymous_6)","line":34,"loc":{"start":{"line":34,"column":23},"end":{"line":34,"column":47}}},"7":{"name":"(anonymous_7)","line":42,"loc":{"start":{"line":42,"column":21},"end":{"line":42,"column":41}}},"8":{"name":"(anonymous_8)","line":49,"loc":{"start":{"line":49,"column":21},"end":{"line":49,"column":39}}},"9":{"name":"(anonymous_9)","line":53,"loc":{"start":{"line":53,"column":24},"end":{"line":53,"column":44}}}},"statementMap":{"1":{"start":{"line":1,"column":0},"end":{"line":76,"column":5}},"2":{"start":{"line":3,"column":2},"end":{"line":69,"column":4}},"3":{"start":{"line":5,"column":4},"end":{"line":5,"column":21}},"4":{"start":{"line":7,"column":4},"end":{"line":12,"column":6}},"5":{"start":{"line":8,"column":6},"end":{"line":8,"column":45}},"6":{"start":{"line":9,"column":6},"end":{"line":9,"column":34}},"7":{"start":{"line":10,"column":6},"end":{"line":10,"column":34}},"8":{"start":{"line":11,"column":6},"end":{"line":11,"column":32}},"9":{"start":{"line":14,"column":4},"end":{"line":16,"column":6}},"10":{"start":{"line":15,"column":6},"end":{"line":15,"column":45}},"11":{"start":{"line":18,"column":4},"end":{"line":32,"column":6}},"12":{"start":{"line":19,"column":6},"end":{"line":22,"column":8}},"13":{"start":{"line":19,"column":25},"end":{"line":22,"column":8}},"14":{"start":{"line":23,"column":6},"end":{"line":26,"column":8}},"15":{"start":{"line":23,"column":52},"end":{"line":26,"column":8}},"16":{"start":{"line":28,"column":6},"end":{"line":31,"column":8}},"17":{"start":{"line":28,"column":51},"end":{"line":31,"column":8}},"18":{"start":{"line":34,"column":4},"end":{"line":40,"column":6}},"19":{"start":{"line":35,"column":6},"end":{"line":35,"column":45}},"20":{"start":{"line":36,"column":6},"end":{"line":36,"column":26}},"21":{"start":{"line":37,"column":6},"end":{"line":37,"column":43}},"22":{"start":{"line":38,"column":6},"end":{"line":38,"column":61}},"23":{"start":{"line":39,"column":6},"end":{"line":39,"column":71}},"24":{"start":{"line":42,"column":4},"end":{"line":47,"column":6}},"25":{"start":{"line":43,"column":6},"end":{"line":45,"column":7}},"26":{"start":{"line":44,"column":8},"end":{"line":44,"column":50}},"27":{"start":{"line":46,"column":6},"end":{"line":46,"column":38}},"28":{"start":{"line":49,"column":4},"end":{"line":51,"column":6}},"29":{"start":{"line":50,"column":6},"end":{"line":50,"column":80}},"30":{"start":{"line":53,"column":4},"end":{"line":56,"column":6}},"31":{"start":{"line":54,"column":6},"end":{"line":54,"column":34}},"32":{"start":{"line":55,"column":6},"end":{"line":55,"column":32}},"33":{"start":{"line":59,"column":4},"end":{"line":67,"column":6}},"34":{"start":{"line":72,"column":1},"end":{"line":74,"column":3}}},"branchMap":{"1":{"line":19,"type":"if","locations":[{"start":{"line":19,"column":6},"end":{"line":19,"column":6}},{"start":{"line":19,"column":6},"end":{"line":19,"column":6}}]},"2":{"line":23,"type":"if","locations":[{"start":{"line":23,"column":6},"end":{"line":23,"column":6}},{"start":{"line":23,"column":6},"end":{"line":23,"column":6}}]},"3":{"line":28,"type":"if","locations":[{"start":{"line":28,"column":6},"end":{"line":28,"column":6}},{"start":{"line":28,"column":6},"end":{"line":28,"column":6}}]},"4":{"line":43,"type":"if","locations":[{"start":{"line":43,"column":6},"end":{"line":43,"column":6}},{"start":{"line":43,"column":6},"end":{"line":43,"column":6}}]}}},"/Users/sohamchetan/Documents/QRBackend/api/models/User.js":{"path":"/Users/sohamchetan/Documents/QRBackend/api/models/User.js","s":{"1":1},"b":{},"f":{},"fnMap":{},"statementMap":{"1":{"start":{"line":8,"column":0},"end":{"line":13,"column":2}}},"branchMap":{}},"/Users/sohamchetan/Documents/QRBackend/api/controllers/UserController.js":{"path":"/Users/sohamchetan/Documents/QRBackend/api/controllers/UserController.js","s":{"1":1,"2":1,"3":0,"4":0,"5":0,"6":1,"7":0,"8":0,"9":0,"10":1,"11":0,"12":0,"13":0,"14":1},"b":{},"f":{"1":1,"2":0,"3":0,"4":0,"5":0,"6":0,"7":0},"fnMap":{"1":{"name":"(anonymous_1)","line":8,"loc":{"start":{"line":8,"column":18},"end":{"line":8,"column":30}}},"2":{"name":"(anonymous_2)","line":10,"loc":{"start":{"line":10,"column":20},"end":{"line":10,"column":37}}},"3":{"name":"(anonymous_3)","line":12,"loc":{"start":{"line":12,"column":49},"end":{"line":12,"column":71}}},"4":{"name":"(anonymous_4)","line":17,"loc":{"start":{"line":17,"column":23},"end":{"line":17,"column":40}}},"5":{"name":"(anonymous_5)","line":19,"loc":{"start":{"line":19,"column":50},"end":{"line":19,"column":72}}},"6":{"name":"(anonymous_6)","line":24,"loc":{"start":{"line":24,"column":16},"end":{"line":24,"column":34}}},"7":{"name":"(anonymous_7)","line":26,"loc":{"start":{"line":26,"column":27},"end":{"line":26,"column":49}}}},"statementMap":{"1":{"start":{"line":8,"column":0},"end":{"line":36,"column":5}},"2":{"start":{"line":10,"column":1},"end":{"line":15,"column":3}},"3":{"start":{"line":11,"column":4},"end":{"line":11,"column":60}},"4":{"start":{"line":12,"column":2},"end":{"line":14,"column":5}},"5":{"start":{"line":13,"column":3},"end":{"line":13,"column":21}},"6":{"start":{"line":17,"column":1},"end":{"line":22,"column":3}},"7":{"start":{"line":18,"column":4},"end":{"line":18,"column":60}},"8":{"start":{"line":19,"column":4},"end":{"line":21,"column":5}},"9":{"start":{"line":20,"column":3},"end":{"line":20,"column":21}},"10":{"start":{"line":24,"column":1},"end":{"line":29,"column":3}},"11":{"start":{"line":25,"column":4},"end":{"line":25,"column":60}},"12":{"start":{"line":26,"column":4},"end":{"line":28,"column":4}},"13":{"start":{"line":27,"column":3},"end":{"line":27,"column":21}},"14":{"start":{"line":31,"column":1},"end":{"line":35,"column":2}}},"branchMap":{}},"/Users/sohamchetan/Documents/QRBackend/api/policies/sessionAuth.js":{"path":"/Users/sohamchetan/Documents/QRBackend/api/policies/sessionAuth.js","s":{"1":1,"2":0,"3":0,"4":0},"b":{"1":[0,0]},"f":{"1":0},"fnMap":{"1":{"name":"(anonymous_1)","line":10,"loc":{"start":{"line":10,"column":17},"end":{"line":10,"column":42}}}},"statementMap":{"1":{"start":{"line":10,"column":0},"end":{"line":21,"column":2}},"2":{"start":{"line":14,"column":2},"end":{"line":16,"column":3}},"3":{"start":{"line":15,"column":4},"end":{"line":15,"column":18}},"4":{"start":{"line":20,"column":2},"end":{"line":20,"column":72}}},"branchMap":{"1":{"line":14,"type":"if","locations":[{"start":{"line":14,"column":2},"end":{"line":14,"column":2}},{"start":{"line":14,"column":2},"end":{"line":14,"column":2}}]}}}}